Connecting to device: 446005f4812a14933a2a9960c0acf1f4 3
Connected to device: DjiDevice {
  wifiSsid: undefined,
  wifiPassword: undefined,
  rtmpUrl: undefined,
  resolution: '1080p',
  fps: 30,
  bitrate: 6000000,
  imageStabilization: 'RockSteady+',
  deviceId: '446005f4812a14933a2a9960c0acf1f4',
  pairPinCode: '5160',
  noble: undefined,
  cameraPeripheral: undefined,
  fff3Characteristic: undefined,
  fff4Characteristic: undefined,
  state: 0,
  startStreamingTimer: undefined,
  stopStreamingTimer: undefined,
  model: 3,
  modelName: 'Osmo Pocket 3',
  onStreamingStateChange: undefined,
  batteryPercentage: undefined,
  receiveBufferFff4: <Buffer >,
  receiveBufferFff5: <Buffer >
}
Starting live stream...
dji-device: Start live stream for Osmo Pocket 3 with resolution 1080p, fps 30, bitrate 2000000, image stabilization RockSteady+
dji-device: State change 0 -> 1
Powered on
dji-device: State change 1 -> 2
dj-device: Try to connect asynchronously
dji-device: Connected
dji-device: Discovered service fff0
dji-device: Found characteristic fff3
dji-device: Found characteristic fff4
dji-device: Found characteristic fff5
dji-device: Subscribed to characteristic fff5
dji-device: Subscribed to characteristic fff4
dji-device: Received pairing trigger from fff4, sending PIN
dji-device: State change 2 -> 3
dji-device: Received message DjiMessage(target=516, id=32430, type=1794, payload=ff0600000000800000000001d935e900f845000005001200634a69382ffc7fbfcb31fa3be5f0f93b000000000100000000)
dji-device: Pairing required — approve PIN on device
dji-device: State change 3 -> 4
dji-device: Sending pairing request to fff4
dji-device: Received message DjiMessage(target=516, id=32432, type=1794, payload=48)
dji-device: Pairing approved, preparing stream
dji-device: Sending PrepareToLiveStream Stage1
dji-device: State change 4 -> 5
dji-device: Received message DjiMessage(target=552, id=43539, type=1794, payload=00000000)
dji-device: Sending PrepareToLiveStream Stage2
dji-device: State change 5 -> 6
dji-device: Received message DjiMessage(target=516, id=32439, type=1794, payload=0080000000)
dji-device: Sending WiFi credentials - SSID: Zeo, Password: 12qw34er
dji-device: State change 6 -> 7
dji-device: Write successful
dji-device: Write successful
dji-device: Write successful
dji-device: Write successful
dji-device: Received message DjiMessage(target=513, id=48131, type=1794, payload=00120100000113a40300dc65030000000000a53c0000)
dji-device: Sending RTMP config - URL: rtmp://192.168.1.200:2012/live/osmo, Resolution: 1080p, FPS: 30, Bitrate: 2000kbps
dji-device: State change 7 -> 9
dji-device: Received message DjiMessage(target=513, id=48132, type=1794, payload=010280000113a40300dc65030000000000a53c0000000000000000000000000002460000010000000000000000000000000000000000000000010000)
dji-device: State change 9 -> 10
dji-device: Received message DjiMessage(target=516, id=32450, type=1794, payload=ff06000000008000000000013d36e900f8450000050012004f547b382ffc7fbf1e46fa3b74e9f93b000000000100000000)
dji-device: Received message DjiMessage(target=516, id=32459, type=1794, payload=0080000000)
dji-device: Pairing request sent
dji-device: Received message DjiMessage(target=513, id=48133, type=1794, payload=010280000113a40300dc65030000000000a53c0000000000000000000000000002460000010000000000000000000000000000000000000000010000)
dji-device: Received message DjiMessage(target=516, id=32471, type=1794, payload=ff0600000000800000000001a136e900f845000005001200c7a17b382ffc7fbf0443fa3b3cebf93b000000000100000000)
dji-device: Received message DjiMessage(target=516, id=32477, type=1794, payload=0080000000)
dji-device: Write successful
dji-device: Write successful
dji-device: Received message DjiMessage(target=513, id=48134, type=1794, payload=010280000113a40300dc65030000000000a53c0000000000000000000000000002460000010000000000000000000000000000000000000000010000)
dji-device: Received message DjiMessage(target=516, id=32489, type=1794, payload=ff06000000008000000000010537e900f84500000500120071137b382ffc7fbf2433fa3bc303fa3b000000000100000000)
dji-device: Received message DjiMessage(target=516, id=32497, type=1794, payload=0080000000)
dji-device: Received message DjiMessage(target=513, id=48135, type=1794, payload=010280000113a40300dc65030000000000a53c0000000000000000000000000002460000010000000000000000000000000000000000000000010000)
dji-device: Received message DjiMessage(target=516, id=32509, type=1794, payload=ff06000000008000000000016937e900f845000005001200ab4075382ffc7fbf9b36fa3b9ce0f93b000000000100000000)
dji-device: Received message DjiMessage(target=516, id=32515, type=1794, payload=0080000000)
dji-device: Received message DjiMessage(target=517, id=10937, type=1794, payload=00f00f0000c5feffff00000000000000009a01004a00000000000020040000000001)
dji-device: Received message DjiMessage(target=513, id=48136, type=1794, payload=00120100000113a40300dc65030000000000a53c0000)
dji-device: Received message DjiMessage(target=513, id=48137, type=1794, payload=010280000113a40300dc65030000000000a53c0000000000000000000000000002460000010000000000000000000000000000000000000000010000)
dji-device: Received message DjiMessage(target=516, id=32527, type=1794, payload=ff0600000000800000000001cd37e900f845000005001200714f80382ffc7fbf5136fa3b6feaf93b000000000100000000)
dji-device: Received message DjiMessage(target=516, id=32528, type=1794, payload=0000646400)
dji-device: Received message DjiMessage(target=516, id=32532, type=1794, payload=48)
dji-device: Received message DjiMessage(target=516, id=32539, type=1794, payload=0000000000000000)
dji-device: Received message DjiMessage(target=516, id=32542, type=1794, payload=0080000000)
dji-device: Received message DjiMessage(target=513, id=48138, type=1794, payload=010280000113a40300dc65030000000000a53c0000000000000000000000000002460000010000000000000000000000000000000000000000010000)
dji-device: Received message DjiMessage(target=516, id=32554, type=1794, payload=ff06000000008000000000013138e900f845000005001200f27176382ffc7fbf7d30fa3b17f6f93b000000000100000000)
dji-device: Received message DjiMessage(target=516, id=32560, type=1794, payload=0080000000)
dji-device: Received message DjiMessage(target=513, id=48139, type=1794, payload=010280000113a40300dc65030000000000a53c0000000000000000000000000002460000010000000000000000000000000000000000000000010000)
dji-device: Received message DjiMessage(target=516, id=32572, type=1794, payload=ff06000000008000000000019538e900f845000005001200eb1683382ffc7fbfa641fa3b41f9f93b000000000100000000)
dji-device: Received message DjiMessage(target=516, id=32581, type=1794, payload=0080000000)
dji-device: Received message DjiMessage(target=584, id=21747, type=1794, payload=68673231320000000000000000000000000000000000000000000000000000000208000000000000020800000000000000000000000000000000000000000000)
dji-device: Received message DjiMessage(target=513, id=48140, type=1794, payload=010280000113a40300dc65030000000000a53c0000000000000000000000000002460000010000000000000000000000000000000000000000010000)
dji-device: Received message DjiMessage(target=516, id=32592, type=1794, payload=ff0600000000800000000001f938e900f845000005001200cad174382ffc7fbf8a2bfa3b9df0f93b000000000100000000)
dji-device: Received message DjiMessage(target=516, id=32599, type=1794, payload=0080000000)
dji-device: Received message DjiMessage(target=513, id=48141, type=1794, payload=00120100000113a40300dc65030000000000a53c0000)
dji-device: Received message DjiMessage(target=513, id=48142, type=1794, payload=010280000113a40300dc65030000000000a53c0000000000000000000000000002460000010000000000000000000000000000000000000000010000)
dji-device: Received message DjiMessage(target=516, id=32615, type=1794, payload=ff06000000008000000000015d39e900f845000005001200acc970382ffc7fbfac4bfa3badf8f93b000000000100000000)
dji-device: Received message DjiMessage(target=516, id=32624, type=1794, payload=0080000000)
dji-device: Received message DjiMessage(target=513, id=48143, type=1794, payload=010280000113a40300dc65030000000000a53c0000000000000000000000000002460000010000000000000000000000000000000000000000010000)
dji-device: Received message DjiMessage(target=516, id=32637, type=1794, payload=ff0600000000800000000001c139e900f84500000500120019fb7b382ffc7fbf193dfa3b27fbf93b000000000100000000)
dji-device: Received message DjiMessage(target=516, id=32639, type=1794, payload=48)
dji-device: Received message DjiMessage(target=516, id=32644, type=1794, payload=0080000000)
dji-device: Received message DjiMessage(target=513, id=48144, type=1794, payload=010280000113a40300dc65030000000000a53c0000000000000000000000000002460000010000000000000000000000000000000000000000010000)
dji-device: Received message DjiMessage(target=516, id=32657, type=1794, payload=ff0600000000800000000001253ae900f8450000050012004785703831fc7fbfaf37fa3b4cbcf93b000000000100000000)
dji-device: Received message DjiMessage(target=516, id=32664, type=1794, payload=0080000000)
dji-device: Received message DjiMessage(target=513, id=48145, type=1794, payload=010280000113a40300dc65030000000000a53c0000000000000000000000000002460000010000000000000000000000000000000000000000010000)
dji-device: Received message DjiMessage(target=516, id=32677, type=1794, payload=ff0600000000800000000001893ae900f845000005001200db8d75382ffc7fbf7640fa3b73fef93b000000000100000000)
dji-device: Received message DjiMessage(target=516, id=32682, type=1794, payload=0080000000)
dji-device: Received message DjiMessage(target=513, id=48146, type=1794, payload=00120100000113a40300dc65030000000000a53c0000)
dji-device: Received message DjiMessage(target=513, id=48147, type=1794, payload=010280000113a40300dc65030000000000a53c0000000000000000000000000002460000010000000000000000000000000000000000000000010000)
dji-device: Received message DjiMessage(target=516, id=32695, type=1794, payload=ff0600000000800000000001ed3ae900f8450000050012001cf56c382ffc7fbff526fa3b48d0f93b000000000100000000)
dji-device: Received message DjiMessage(target=516, id=32702, type=0, payload=0080000000)
dji-device: Received message DjiMessage(target=513, id=48148, type=0, payload=010280000113a40300dc65030000000000a53c0000000000000000000000000002460000010000000000000000000000000000000000000000010000)
dji-device: Received message DjiMessage(target=516, id=32715, type=0, payload=ff0600000000800000000001513be900f845000005001200f39e81382ffc7fbf7543fa3bb5d9f93b000000000100000000)
dji-device: Received message DjiMessage(target=516, id=32720, type=0, payload=0080000000)
dji-device: Received message DjiMessage(target=517, id=10938, type=0, payload=00f00f0000a2feffff00000000000000009a01004a00000000000020040000000001)
dji-device: Received message DjiMessage(target=513, id=48149, type=0, payload=010280000113a40300dc65030000000000a53c0000000000000000000000000002460000010000000000000000000000000000000000000000010000)
dji-device: Received message DjiMessage(target=516, id=32733, type=0, payload=ff0600000000800000000001b53be900f845000005001200ea7172382ffc7fbf6f34fa3bb6eef93b000000000100000000)
dji-device: Received message DjiMessage(target=516, id=32734, type=0, payload=0000646400)
dji-device: Received message DjiMessage(target=516, id=32738, type=0, payload=48)
dji-device: Received message DjiMessage(target=516, id=32744, type=0, payload=0000000000000000)
dji-device: Received message DjiMessage(target=516, id=32748, type=0, payload=0080000000)
dji-device: Received message DjiMessage(target=513, id=48150, type=0, payload=010280000113a40300dc65030000000000a53c0000000000000000000000000002460000010000000000000000000000000000000000000000010000)
dji-device: Received message DjiMessage(target=516, id=32760, type=0, payload=ff0600000000800000000001193ce900f845000005001200345170382ffc7fbfbf38fa3bffcff93b000000000100000000)
dji-device: Received message DjiMessage(target=516, id=32767, type=0, payload=0080000000)
dji-device: Received message DjiMessage(target=513, id=48151, type=0, payload=00120100000113a40300dc65030000000000a53c0000)
dji-device: Received message DjiMessage(target=513, id=48152, type=0, payload=010280000113a40300dc65030000000000a53c0000000000000000000000000002460000010000000000000000000000000000000000000000010000)
dji-device: Received message DjiMessage(target=516, id=32778, type=0, payload=ff06000000008000000000017d3ce900f84500000500120009906d382ffc7fbfe433fa3b6213fa3b000000000100000000)
dji-device: Received message DjiMessage(target=516, id=32787, type=0, payload=0080000000)
dji-device: Received message DjiMessage(target=584, id=21749, type=0, payload=68673231320000000000000000000000000000000000000000000000000000000208000000000000020800000000000000000000000000000000000000000000)
dji-device: Received message DjiMessage(target=513, id=48153, type=0, payload=010280000113a40300dc65030000000000a53c0000000000000000000000000002460000010000000000000000000000000000000000000000010000)
dji-device: Received message DjiMessage(target=516, id=32799, type=0, payload=ff0600000000800000000001e13ce900f8450000050012006e7876382ffc7fbf6d51fa3b3c08fa3b000000000100000000)
dji-device: Received message DjiMessage(target=516, id=32805, type=0, payload=0080000000)
dji-device: Received message DjiMessage(target=513, id=48154, type=0, payload=010280000113a40300dc65030000000000a53c0000000000000000000000000002460000010000000000000000000000000000000000000000010000)
dji-device: Received message DjiMessage(target=516, id=32822, type=0, payload=ff0600000000800000000001453de900f8450000050012008fa873382ffc7fbf8a3efa3b7bfef93b000000000100000000)
dji-device: Received message DjiMessage(target=516, id=32830, type=0, payload=0080000000)
dji-device: Received message DjiMessage(target=513, id=48155, type=0, payload=010280000113a40300dc65030000000000a53c0000000000000000000000000002460000010000000000000000000000000000000000000000010000)
dji-device: Received message DjiMessage(target=516, id=32842, type=0, payload=ff0600000000800000000001a93de900f845000005001200a7017a382ffc7fbfe03efa3b2bf1f93b000000000100000000)
dji-device: Received message DjiMessage(target=516, id=32844, type=0, payload=48)
dji-device: Received message DjiMessage(target=516, id=32850, type=0, payload=0080000000)
dji-device: Received message DjiMessage(target=552, id=43540, type=0, payload=00000000)
dji-device: Received message DjiMessage(target=513, id=48156, type=0, payload=00120100000113a40300dc65030000000000a53c0000)
dji-device: Received message DjiMessage(target=513, id=48157, type=0, payload=010280000113a40300dc65030000000000a53c0000000000000000000000000002460000010000000000000000000000000000000000000000010000)
dji-device: Received message DjiMessage(target=516, id=32862, type=0, payload=ff06000000008000000000010d3ee900f84500000500120036a16f382ffc7fbfc13cfa3bf3f8f93b000000000100000000)
dji-device: Received message DjiMessage(target=516, id=32870, type=0, payload=0080000000)
dji-device: Received message DjiMessage(target=513, id=48158, type=0, payload=010280000113a40300dc65030000000000a53c0000000000000000000000000002460000010000000000000000000000000000000000000000010000)
dji-device: Received message DjiMessage(target=516, id=32882, type=0, payload=ff0600000000800000000001713ee900f8450000050012006dd173382ffc7fbf9842fa3bf2fff93b000000000100000000)
dji-device: Received message DjiMessage(target=516, id=32888, type=0, payload=0080000000)
dji-device: Received message DjiMessage(target=513, id=48159, type=0, payload=010280000113a40300dc65030000000000a53c0000000000000000000000000002460000010000000000000000000000000000000000000000010000)
dji-device: Received message DjiMessage(target=516, id=32900, type=0, payload=ff0600000000800000000001d53ee900f845000005001200dff175382ffc7fbf4332fa3b10eef93b000000000100000000)
dji-device: Received message DjiMessage(target=516, id=32909, type=0, payload=0080000000)
dji-device: Received message DjiMessage(target=513, id=48160, type=0, payload=010280000113a40300dc65030000000000a53c0000000000000000000000000002460000010000000000000000000000000000000000000000010000)
dji-device: Received message DjiMessage(target=516, id=32920, type=0, payload=ff0600000000800000000001393fe900f8450000050012002a7772382ffc7fbf082dfa3b21e8f93b000000000100000000)
dji-device: Received message DjiMessage(target=516, id=32927, type=0, payload=0080000000)
dji-device: Received message DjiMessage(target=517, id=10939, type=0, payload=00f00f0000a9feffff00000000000000009a01004a00000000000020040000000001)
dji-device: Received message DjiMessage(target=513, id=48161, type=0, payload=00120100000113a40300dc65030000000000a53c0000)
dji-device: Received message DjiMessage(target=513, id=48162, type=0, payload=010280000113a40300dc65030000000000a53c0000000000000000000000000002460000010000000000000000000000000000000000000000010000)
dji-device: Received message DjiMessage(target=516, id=32938, type=0, payload=ff06000000008000000000019d3fe900f845000005001200b7eb76382ffc7fbf5532fa3be114fa3b000000000100000000)
dji-device: Received message DjiMessage(target=516, id=32939, type=0, payload=0000646400)
dji-device: Received message DjiMessage(target=516, id=32943, type=0, payload=48)
dji-device: Received message DjiMessage(target=516, id=32951, type=0, payload=0000000000000000)
dji-device: Received message DjiMessage(target=516, id=32954, type=0, payload=0080000000)
dji-device: Received message DjiMessage(target=513, id=48163, type=0, payload=010280000113a40300dc65030000000000a53c0000000000000000000000000002460000010000000000000000000000000000000000000000010000)
dji-device: Received message DjiMessage(target=516, id=32967, type=0, payload=ff06000000008000000000010140e900f845000005001200f6e672382ffc7fbf3f34fa3bad0dfa3b000000000100000000)
dji-device: Received message DjiMessage(target=516, id=32972, type=0, payload=0080000000)
dji-device: Received message DjiMessage(target=513, id=48164, type=0, payload=010280000113a40300dc65030000000000a53c0000000000000000000000000002460000010000000000000000000000000000000000000000010000)
dji-device: Received message DjiMessage(target=516, id=32985, type=0, payload=ff06000000008000000000016540e900f845000005001200f3b16c382ffc7fbf3143fa3b04e0f93b000000000100000000)
dji-device: Received message DjiMessage(target=516, id=32992, type=0, payload=0080000000)
dji-device: Received message DjiMessage(target=584, id=21751, type=0, payload=68673231320000000000000000000000000000000000000000000000000000000208000000000000020800000000000000000000000000000000000000000000)
dji-device: Received message DjiMessage(target=513, id=48165, type=8389120, payload=010280000113a40300dc65030000000000a53c0000000000000000000000000002460000010000000000000000000000000000000000000000010000)
dji-device: Received message DjiMessage(target=516, id=33005, type=8389120, payload=ff0600000000800000000001c940e900f84500000500120095f16f382ffc7fbf7327fa3b7304fa3b000000000100000000)
dji-device: Received message DjiMessage(target=516, id=33010, type=8389120, payload=0080000000)
dji-device: Received message DjiMessage(target=513, id=48166, type=8389120, payload=00120100000113a40300dc65030000000000a53c0000)
dji-device: Received message DjiMessage(target=513, id=48167, type=8389120, payload=010280000113a40300dc65030000000000a53c0000000000000000000000000002460000010000000000000000000000000000000000000000010000)
dji-device: Received message DjiMessage(target=516, id=33028, type=8389120, payload=ff06000000008000000000012d41e900f8450000050012000f3974382ffc7fbfbf3dfa3b9e0afa3b000000000100000000)
dji-device: Received message DjiMessage(target=516, id=33035, type=8389120, payload=0080000000)
dji-device: Received message DjiMessage(target=513, id=48168, type=8389120, payload=010280000113a40300dc65030000000000a53c0000000000000000000000000002460000010000000000000000000000000000000000000000010000)
dji-device: Received message DjiMessage(target=516, id=33048, type=8389120, payload=ff06000000008000000000019141e900f845000005001200204f6b382ffc7fbf6b3bfa3bbae9f93b000000000100000000)
dji-device: Received message DjiMessage(target=516, id=33050, type=8389120, payload=48)
dji-device: Received message DjiMessage(target=516, id=33055, type=8389120, payload=0080000000)
dji-device: Received message DjiMessage(target=513, id=48169, type=8389120, payload=010280000113a40300dc65030000000000a53c0000000000000000000000000002460000010000000000000000000000000000000000000000010000)
dji-device: Received message DjiMessage(target=516, id=33068, type=8389120, payload=ff0600000000800000000001f541e900f845000005001200d03e79382ffc7fbf5835fa3beb04fa3b000000000100000000)
dji-device: Received message DjiMessage(target=516, id=33076, type=8389120, payload=0080000000)
dji-device: Received message DjiMessage(target=513, id=48170, type=8389120, payload=010280000113a40300dc65030000000000a53c0000000000000000000000000002460000010000000000000000000000000000000000000000010000)
dji-device: Received message DjiMessage(target=516, id=33088, type=8389120, payload=ff06000000008000000000015942e900f8450000050012001d847e382ffc7fbf6c3bfa3b0818fa3b000000000100000000)
dji-device: Received message DjiMessage(target=516, id=33094, type=8389120, payload=0080000000)
dji-device: Received message DjiMessage(target=513, id=48171, type=8389120, payload=00120100000113a40300dc65030000000000a53c0000)
dji-device: Received message DjiMessage(target=513, id=48172, type=8389120, payload=010280000113a40300dc65030000000000a53c0000000000000000000000000002460000010000000000000000000000000000000000000000010000)
dji-device: Received message DjiMessage(target=516, id=33106, type=8389120, payload=ff0600000000800000000001bd42e900f845000005001200b24b70382ffc7fbf7b45fa3b3e1afa3b000000000100000000)
dji-device: Received message DjiMessage(target=516, id=33115, type=8389120, payload=0080000000)
dji-device: Received message DjiMessage(target=513, id=48173, type=8389120, payload=010280000113a40300dc65030000000000a53c0000000000000000000000000002460000010000000000000000000000000000000000000000010000)
dji-device: Received message DjiMessage(target=516, id=33127, type=8389120, payload=ff06000000008000000000012143e900f845000005001200b1016c382ffc7fbfa23cfa3b34d9f93b000000000100000000)
dji-device: Received message DjiMessage(target=516, id=33133, type=8389120, payload=0080000000)
dji-device: Received message DjiMessage(target=517, id=10940, type=8389120, payload=00f00f000070feffff00000000000000009a01004a00000000000020040000000001)
dji-device: Received message DjiMessage(target=648, id=2589, type=8389120, payload=2901)
dji-device: Received message DjiMessage(target=516, id=33145, type=8389120, payload=ff06000000008000000000018543e900f84500000500120001b8793831fc7fbf1e3dfa3b4eb4f93b000000000100000000)
dji-device: Received message DjiMessage(target=513, id=48174, type=8389120, payload=010280000113a40300dc65030000000000a53c0000000000000000000000000002460000010000000000000000000000000000000000000000010000)
dji-device: Received message DjiMessage(target=516, id=33146, type=8389120, payload=0000646400)
dji-device: Received message DjiMessage(target=516, id=33150, type=8389120, payload=48)
dji-device: Received message DjiMessage(target=516, id=33156, type=8389120, payload=0000000000000000)
dji-device: Received message DjiMessage(target=516, id=33160, type=8389120, payload=0080000000)
dji-device: Received message DjiMessage(target=513, id=48175, type=8389120, payload=010280000113a40300dc65030000000000a53c0000000000000000000000000002460000010000000000000000000000000000000000000000010000)
dji-device: Received message DjiMessage(target=516, id=33172, type=8389120, payload=ff0600000000800000000001e943e900f845000005001200956878382ffc7fbfa03efa3bcf23fa3b000000000100000000)
dji-device: Received message DjiMessage(target=516, id=33178, type=8389120, payload=0080000000)
dji-device: Received message DjiMessage(target=513, id=48176, type=8389120, payload=00120100000113a40300dc65030000000000a53c0000)
dji-device: Received message DjiMessage(target=516, id=33190, type=8389120, payload=ff06000000008000000000014d44e900f845000005001200483a73382ffc7fbfb84afa3b22ebf93b000000000100000000)
dji-device: Received message DjiMessage(target=513, id=48177, type=8389120, payload=010280000113a40300dc65030000000000a53c0000000000000000000000000002460000010000000000000000000000000000000000000000010000)
dji-device: Received message DjiMessage(target=516, id=33198, type=8389120, payload=0080000000)
dji-device: Received message DjiMessage(target=584, id=21753, type=8389120, payload=68673231320000000000000000000000000000000000000000000000000000000208000000000000020800000000000000000000000000000000000000000000)
dji-device: Received message DjiMessage(target=516, id=33210, type=8389120, payload=ff0600000000800000000001b144e900f845000005001200347273382ffc7fbff029fa3b5109fa3b000000000100000000)
dji-device: Received message DjiMessage(target=513, id=48178, type=8389120, payload=010280000113a40300dc65030000000000a53c0000000000000000000000000002460000010000000000000000000000000000000000000000010000)
dji-device: Received message DjiMessage(target=516, id=33216, type=8389120, payload=0080000000)
dji-device: Received message DjiMessage(target=516, id=33233, type=8389120, payload=ff06000000008000000000011545e900f845000005001200682f77382ffc7fbf9628fa3b56f6f93b000000000100000000)
dji-device: Received message DjiMessage(target=513, id=48179, type=8389120, payload=010280000113a40300dc65030000000000a53c0000000000000000000000000002460000010000000000000000000000000000000000000000010000)
dji-device: Received message DjiMessage(target=516, id=33242, type=8389120, payload=0080000000)
dji-device: Received message DjiMessage(target=516, id=33253, type=8389120, payload=ff06000000008000000000017945e900f8450000050012003fbc6e382ffc7fbf6954fa3b17ccf93b000000000100000000)
dji-device: Received message DjiMessage(target=516, id=33255, type=8389120, payload=48)
dji-device: Received message DjiMessage(target=513, id=48180, type=8389120, payload=010280000113a40300dc65030000000000a53c0000000000000000000000000002460000010000000000000000000000000000000000000000010000)
dji-device: Received message DjiMessage(target=516, id=33262, type=8389120, payload=0080000000)
dji-device: Received message DjiMessage(target=552, id=43541, type=8389120, payload=00000000)
dji-device: Received message DjiMessage(target=513, id=48181, type=8389120, payload=00120100000113a40300dc65030000000000a53c0000)
dji-device: Received message DjiMessage(target=516, id=33273, type=8389120, payload=ff0600000000800000000001dd45e900f84500000500120052166e382ffc7fbf6337fa3b222afa3b000000000100000000)
dji-device: Received message DjiMessage(target=513, id=48182, type=8389120, payload=010280000113a40300dc65030000000000a53c0000000000000000000000000002460000010000000000000000000000000000000000000000010000)
dji-device: Received message DjiMessage(target=516, id=33282, type=8389120, payload=0080000000)
dji-device: Received message DjiMessage(target=516, id=33294, type=8389120, payload=ff06000000008000000000014146e900f845000005001200067b7d382ffc7fbfac41fa3b6bfaf93b000000000100000000)
dji-device: Received message DjiMessage(target=513, id=48183, type=8389120, payload=010280000113a40300dc65030000000000a53c0000000000000000000000000002460000010000000000000000000000000000000000000000010000)
dji-device: Received message DjiMessage(target=516, id=33300, type=8389120, payload=0080000000)
dji-device: Received message DjiMessage(target=516, id=33313, type=8389120, payload=ff0600000000800000000001a546e900f8450000050012000e9974382ffc7fbfb63afa3be0f5f93b000000000100000000)
dji-device: Received message DjiMessage(target=513, id=48184, type=8389120, payload=010280000113a40300dc65030000000000a53c0000000000000000000000000002460000010000000000000000000000000000000000000000010000)
dji-device: Received message DjiMessage(target=516, id=33320, type=8389120, payload=0080000000)
dji-device: Received message DjiMessage(target=516, id=33333, type=8389120, payload=ff06000000008000000000010947e900f845000005001200679775382ffc7fbff92bfa3b41fbf93b000000000100000000)
dji-device: Received message DjiMessage(target=513, id=48185, type=8389120, payload=010280000113a40300dc65030000000000a53c0000000000000000000000000002460000010000000000000000000000000000000000000000010000)
dji-device: Received message DjiMessage(target=516, id=33338, type=8389120, payload=0080000000)
dji-device: Received message DjiMessage(target=517, id=10941, type=8389120, payload=00f00f0000affeffff00000000000000009a01004a00000000000020040000000001)
dji-device: Received message DjiMessage(target=513, id=48186, type=8389120, payload=00120100000113a40300dc65030000000000a53c0000)
dji-device: Received message DjiMessage(target=516, id=33351, type=8389120, payload=ff06000000008000000000016d47e900f84500000500120035546d382ffc7fbf4335fa3b0dd2f93b000000000100000000)
dji-device: Received message DjiMessage(target=516, id=33352, type=8389120, payload=0000646400)
dji-device: Received message DjiMessage(target=516, id=33356, type=8389120, payload=48)
dji-device: Received message DjiMessage(target=513, id=48187, type=8389120, payload=010280000113a40300dc65030000000000a53c0000000000000000000000000002460000010000000000000000000000000000000000000000010000)
dji-device: Received message DjiMessage(target=516, id=33362, type=8389120, payload=0000000000000000)
dji-device: Received message DjiMessage(target=516, id=33365, type=8389120, payload=0080000000)
dji-device: Received message DjiMessage(target=516, id=33378, type=8389120, payload=ff0600000000800000000001d147e900f845000005001200c5e37c382ffc7fbff63ffa3bf506fa3b000000000100000000)
dji-device: Received message DjiMessage(target=513, id=48188, type=8389120, payload=010280000113a40300dc65030000000000a53c0000000000000000000000000002460000010000000000000000000000000000000000000000010000)
dji-device: Received message DjiMessage(target=516, id=33383, type=8389120, payload=0080000000)
dji-device: Received message DjiMessage(target=516, id=33396, type=8389120, payload=ff06000000008000000000013548e900f8450000050012005a206b382ffc7fbffe33fa3be20cfa3b000000000100000000)
dji-device: Received message DjiMessage(target=513, id=48189, type=8389120, payload=010280000113a40300dc65030000000000a53c0000000000000000000000000002460000010000000000000000000000000000000000000000010000)
dji-device: Received message DjiMessage(target=516, id=33404, type=8389120, payload=0080000000)
dji-device: Received message DjiMessage(target=584, id=21755, type=8389120, payload=68673231320000000000000000000000000000000000000000000000000000000208000000000000020800000000000000000000000000000000000000000000)
dji-device: Received message DjiMessage(target=516, id=33416, type=8389120, payload=ff06000000008000000000019948e900f845000005001200aac974382ffc7fbf343bfa3b86f7f93b000000000100000000)
dji-device: Received message DjiMessage(target=513, id=48190, type=8389120, payload=010280000113a40300dc65030000000000a53c0000000000000000000000000002460000010000000000000000000000000000000000000000010000)
dji-device: Received message DjiMessage(target=516, id=33422, type=8389120, payload=0080000000)
dji-device: Received message DjiMessage(target=513, id=48191, type=8389120, payload=00120100000113a40300dc65030000000000a53c0000)
dji-device: Received message DjiMessage(target=516, id=33439, type=8389120, payload=ff0600000000800000000001fd48e900f845000005001200691867382ffc7fbf6952fa3b76d1f93b000000000100000000)
dji-device: Received message DjiMessage(target=513, id=48192, type=8389120, payload=010280000113a40300dc65030000000000a53c0000000000000000000000000002460000010000000000000000000000000000000000000000010000)
dji-device: Received message DjiMessage(target=516, id=33448, type=8389120, payload=0080000000)
dji-device: Received message DjiMessage(target=516, id=33460, type=8389120, payload=ff06000000008000000000016149e900f84500000500120006ed6b382ffc7fbf833dfa3b6c04fa3b000000000100000000)
dji-device: Received message DjiMessage(target=516, id=33462, type=8389120, payload=48)
dji-device: Received message DjiMessage(target=513, id=48193, type=8389120, payload=010280000113a40300dc65030000000000a53c0000000000000000000000000002460000010000000000000000000000000000000000000000010000)
dji-device: Received message DjiMessage(target=516, id=33468, type=8389120, payload=0080000000)
dji-device: Received message DjiMessage(target=516, id=33480, type=8389120, payload=ff0600000000800000000001c549e900f8450000050012004bb576382ffc7fbf0941fa3b22ebf93b000000000100000000)
dji-device: Received message DjiMessage(target=513, id=48194, type=8389120, payload=010280000113a40300dc65030000000000a53c0000000000000000000000000002460000010000000000000000000000000000000000000000010000)
dji-device: Received message DjiMessage(target=516, id=33488, type=8389120, payload=0080000000)
dji-device: Received message DjiMessage(target=516, id=33500, type=8389120, payload=ff0600000000800000000001294ae900f845000005001200054077382ffc7fbf3341fa3bced9f93b000000000100000000)
dji-device: Received message DjiMessage(target=513, id=48195, type=8389120, payload=010280000113a40300dc65030000000000a53c0000000000000000000000000002460000010000000000000000000000000000000000000000010000)
dji-device: Received message DjiMessage(target=516, id=33506, type=8389120, payload=0080000000)
dji-device: Received message DjiMessage(target=513, id=48196, type=8389120, payload=00120100000113a40300dc65030000000000a53c0000)
dji-device: Received message DjiMessage(target=516, id=33518, type=8389120, payload=ff06000000008000000000018d4ae900f8450000050012006b896a382ffc7fbf793bfa3b5d16fa3b000000000100000000)
dji-device: Received message DjiMessage(target=513, id=48197, type=8389120, payload=010280000113a40300dc65030000000000a53c0000000000000000000000000002460000010000000000000000000000000000000000000000010000)
dji-device: Received message DjiMessage(target=516, id=33526, type=8389120, payload=0080000000)
dji-device: Received message DjiMessage(target=516, id=33538, type=8389120, payload=ff0600000000800000000001f14ae900f845000005001200da3077382ffc7fbfdc2dfa3b93e7f93b000000000100000000)
